<?xml version="1.0" encoding="UTF-8"?>
<testng-results ignored="0" total="5" passed="5" failed="0" skipped="0">
  <reporter-output>
  </reporter-output>
  <suite started-at="2024-02-23T09:49:18 EST" name="RegressionSuite" finished-at="2024-02-23T09:49:44 EST" duration-ms="25812">
    <groups>
      <group name="cucumber">
        <method signature="AbstractTestNGCucumberTests.runScenario(io.cucumber.testng.PickleWrapper,io.cucumber.testng.FeatureWrapper)[pri:0, instance:com.salesforce.runners.SalesforceLoginRunner@481a996b]" name="runScenario" class="io.cucumber.testng.AbstractTestNGCucumberTests"/>
      </group> <!-- cucumber -->
    </groups>
    <test started-at="2024-02-23T09:49:18 EST" name="RegressionTest" finished-at="2024-02-23T09:49:44 EST" duration-ms="25812">
      <class name="com.salesforce.runners.SalesforceLoginRunner">
        <test-method is-config="true" signature="setUpClass(org.testng.ITestContext)[pri:0, instance:com.salesforce.runners.SalesforceLoginRunner@481a996b]" started-at="2024-02-23T09:49:18 EST" name="setUpClass" finished-at="2024-02-23T09:49:18 EST" duration-ms="572" status="PASS">
          <params>
            <param index="0">
              <value>
                <![CDATA[org.testng.TestRunner@11d2714a]]>
              </value>
            </param>
          </params>
          <reporter-output>
          </reporter-output>
        </test-method> <!-- setUpClass -->
        <test-method signature="runScenario(io.cucumber.testng.PickleWrapper,io.cucumber.testng.FeatureWrapper)[pri:0, instance:com.salesforce.runners.SalesforceLoginRunner@481a996b]" started-at="2024-02-23T09:49:18 EST" name="runScenario" description="Runs Cucumber Scenarios" data-provider="scenarios" finished-at="2024-02-23T09:49:25 EST" duration-ms="6333" status="PASS">
          <params>
            <param index="0">
              <value>
                <![CDATA["Login with correct Username and no Password"]]>
              </value>
            </param>
            <param index="1">
              <value>
                <![CDATA["Salesforce Login Implementation"]]>
              </value>
            </param>
          </params>
          <reporter-output>
          </reporter-output>
        </test-method> <!-- runScenario -->
        <test-method signature="runScenario(io.cucumber.testng.PickleWrapper,io.cucumber.testng.FeatureWrapper)[pri:0, instance:com.salesforce.runners.SalesforceLoginRunner@481a996b]" started-at="2024-02-23T09:49:25 EST" name="runScenario" description="Runs Cucumber Scenarios" data-provider="scenarios" finished-at="2024-02-23T09:49:31 EST" duration-ms="5938" status="PASS">
          <params>
            <param index="0">
              <value>
                <![CDATA["Login with correct Username and correct Password"]]>
              </value>
            </param>
            <param index="1">
              <value>
                <![CDATA["Salesforce Login Implementation"]]>
              </value>
            </param>
          </params>
          <reporter-output>
          </reporter-output>
        </test-method> <!-- runScenario -->
        <test-method signature="runScenario(io.cucumber.testng.PickleWrapper,io.cucumber.testng.FeatureWrapper)[pri:0, instance:com.salesforce.runners.SalesforceLoginRunner@481a996b]" started-at="2024-02-23T09:49:31 EST" name="runScenario" description="Runs Cucumber Scenarios" data-provider="scenarios" finished-at="2024-02-23T09:49:39 EST" duration-ms="7897" status="PASS">
          <params>
            <param index="0">
              <value>
                <![CDATA["Login functionality with Remember Me option"]]>
              </value>
            </param>
            <param index="1">
              <value>
                <![CDATA["Salesforce Login Implementation"]]>
              </value>
            </param>
          </params>
          <reporter-output>
          </reporter-output>
        </test-method> <!-- runScenario -->
        <test-method signature="runScenario(io.cucumber.testng.PickleWrapper,io.cucumber.testng.FeatureWrapper)[pri:0, instance:com.salesforce.runners.SalesforceLoginRunner@481a996b]" started-at="2024-02-23T09:49:39 EST" name="runScenario" description="Runs Cucumber Scenarios" data-provider="scenarios" finished-at="2024-02-23T09:49:42 EST" duration-ms="3365" status="PASS">
          <params>
            <param index="0">
              <value>
                <![CDATA["validating Forgot password"]]>
              </value>
            </param>
            <param index="1">
              <value>
                <![CDATA["Salesforce Login Implementation"]]>
              </value>
            </param>
          </params>
          <reporter-output>
          </reporter-output>
        </test-method> <!-- runScenario -->
        <test-method signature="runScenario(io.cucumber.testng.PickleWrapper,io.cucumber.testng.FeatureWrapper)[pri:0, instance:com.salesforce.runners.SalesforceLoginRunner@481a996b]" started-at="2024-02-23T09:49:42 EST" name="runScenario" description="Runs Cucumber Scenarios" data-provider="scenarios" finished-at="2024-02-23T09:49:44 EST" duration-ms="1662" status="PASS">
          <params>
            <param index="0">
              <value>
                <![CDATA["Login with incorrect Username and incorrect Password"]]>
              </value>
            </param>
            <param index="1">
              <value>
                <![CDATA["Salesforce Login Implementation"]]>
              </value>
            </param>
          </params>
          <reporter-output>
          </reporter-output>
        </test-method> <!-- runScenario -->
        <test-method is-config="true" signature="tearDownClass()[pri:0, instance:com.salesforce.runners.SalesforceLoginRunner@481a996b]" started-at="2024-02-23T09:49:44 EST" name="tearDownClass" finished-at="2024-02-23T09:49:44 EST" duration-ms="19" status="PASS">
          <reporter-output>
          </reporter-output>
        </test-method> <!-- tearDownClass -->
      </class> <!-- com.salesforce.runners.SalesforceLoginRunner -->
    </test> <!-- RegressionTest -->
  </suite> <!-- RegressionSuite -->
</testng-results>
