<?xml version="1.0" encoding="UTF-8"?>
<testng-results ignored="0" total="5" passed="5" failed="0" skipped="0">
  <reporter-output>
  </reporter-output>
  <suite started-at="2024-02-22T23:37:43 EST" name="Default suite" finished-at="2024-02-22T23:38:02 EST" duration-ms="18893">
    <groups>
      <group name="cucumber">
        <method signature="AbstractTestNGCucumberTests.runScenario(io.cucumber.testng.PickleWrapper,io.cucumber.testng.FeatureWrapper)[pri:0, instance:com.salesforce.runners.SalesforceLoginRunner@dd05255]" name="runScenario" class="io.cucumber.testng.AbstractTestNGCucumberTests"/>
      </group> <!-- cucumber -->
    </groups>
    <test started-at="2024-02-22T23:37:43 EST" name="Default test" finished-at="2024-02-22T23:38:02 EST" duration-ms="18893">
      <class name="com.salesforce.runners.SalesforceLoginRunner">
        <test-method is-config="true" signature="setUpClass(org.testng.ITestContext)[pri:0, instance:com.salesforce.runners.SalesforceLoginRunner@dd05255]" started-at="2024-02-22T23:37:43 EST" name="setUpClass" finished-at="2024-02-22T23:37:44 EST" duration-ms="574" status="PASS">
          <params>
            <param index="0">
              <value>
                <![CDATA[org.testng.TestRunner@42cf6349]]>
              </value>
            </param>
          </params>
          <reporter-output>
          </reporter-output>
        </test-method> <!-- setUpClass -->
        <test-method signature="runScenario(io.cucumber.testng.PickleWrapper,io.cucumber.testng.FeatureWrapper)[pri:0, instance:com.salesforce.runners.SalesforceLoginRunner@dd05255]" started-at="2024-02-22T23:37:44 EST" name="runScenario" description="Runs Cucumber Scenarios" data-provider="scenarios" finished-at="2024-02-22T23:37:46 EST" duration-ms="2604" status="PASS">
          <params>
            <param index="0">
              <value>
                <![CDATA["Login with correct Username and no Password"]]>
              </value>
            </param>
            <param index="1">
              <value>
                <![CDATA["Salesforce Login Implementation"]]>
              </value>
            </param>
          </params>
          <reporter-output>
          </reporter-output>
        </test-method> <!-- runScenario -->
        <test-method signature="runScenario(io.cucumber.testng.PickleWrapper,io.cucumber.testng.FeatureWrapper)[pri:0, instance:com.salesforce.runners.SalesforceLoginRunner@dd05255]" started-at="2024-02-22T23:37:46 EST" name="runScenario" description="Runs Cucumber Scenarios" data-provider="scenarios" finished-at="2024-02-22T23:37:52 EST" duration-ms="5234" status="PASS">
          <params>
            <param index="0">
              <value>
                <![CDATA["Login with correct Username and correct Password"]]>
              </value>
            </param>
            <param index="1">
              <value>
                <![CDATA["Salesforce Login Implementation"]]>
              </value>
            </param>
          </params>
          <reporter-output>
          </reporter-output>
        </test-method> <!-- runScenario -->
        <test-method signature="runScenario(io.cucumber.testng.PickleWrapper,io.cucumber.testng.FeatureWrapper)[pri:0, instance:com.salesforce.runners.SalesforceLoginRunner@dd05255]" started-at="2024-02-22T23:37:52 EST" name="runScenario" description="Runs Cucumber Scenarios" data-provider="scenarios" finished-at="2024-02-22T23:37:59 EST" duration-ms="6897" status="PASS">
          <params>
            <param index="0">
              <value>
                <![CDATA["Login functionality with Remember Me option"]]>
              </value>
            </param>
            <param index="1">
              <value>
                <![CDATA["Salesforce Login Implementation"]]>
              </value>
            </param>
          </params>
          <reporter-output>
          </reporter-output>
        </test-method> <!-- runScenario -->
        <test-method signature="runScenario(io.cucumber.testng.PickleWrapper,io.cucumber.testng.FeatureWrapper)[pri:0, instance:com.salesforce.runners.SalesforceLoginRunner@dd05255]" started-at="2024-02-22T23:37:59 EST" name="runScenario" description="Runs Cucumber Scenarios" data-provider="scenarios" finished-at="2024-02-22T23:38:01 EST" duration-ms="1981" status="PASS">
          <params>
            <param index="0">
              <value>
                <![CDATA["validating Forgot password"]]>
              </value>
            </param>
            <param index="1">
              <value>
                <![CDATA["Salesforce Login Implementation"]]>
              </value>
            </param>
          </params>
          <reporter-output>
          </reporter-output>
        </test-method> <!-- runScenario -->
        <test-method signature="runScenario(io.cucumber.testng.PickleWrapper,io.cucumber.testng.FeatureWrapper)[pri:0, instance:com.salesforce.runners.SalesforceLoginRunner@dd05255]" started-at="2024-02-22T23:38:01 EST" name="runScenario" description="Runs Cucumber Scenarios" data-provider="scenarios" finished-at="2024-02-22T23:38:02 EST" duration-ms="1556" status="PASS">
          <params>
            <param index="0">
              <value>
                <![CDATA["Login with incorrect Username and incorrect Password"]]>
              </value>
            </param>
            <param index="1">
              <value>
                <![CDATA["Salesforce Login Implementation"]]>
              </value>
            </param>
          </params>
          <reporter-output>
          </reporter-output>
        </test-method> <!-- runScenario -->
        <test-method is-config="true" signature="tearDownClass()[pri:0, instance:com.salesforce.runners.SalesforceLoginRunner@dd05255]" started-at="2024-02-22T23:38:02 EST" name="tearDownClass" finished-at="2024-02-22T23:38:02 EST" duration-ms="17" status="PASS">
          <reporter-output>
          </reporter-output>
        </test-method> <!-- tearDownClass -->
      </class> <!-- com.salesforce.runners.SalesforceLoginRunner -->
    </test> <!-- Default test -->
  </suite> <!-- Default suite -->
</testng-results>
